[2023-04-29 00:05:01] INFO root fetch - main [MainThread]: Get Changelog since Serial: [17903444]
[2023-04-29 00:05:05] INFO root fetch - main [MainThread]: Found 12 changed packages
[2023-04-29 00:05:05] INFO root fetch - processPackages [ThreadPoolExecutor-0_0]: Start processing: unisci
[2023-04-29 00:05:05] INFO root fetch - processPackages [ThreadPoolExecutor-0_1]: Start processing: api-hunter-cli
[2023-04-29 00:05:05] INFO root fetch - processPackages [ThreadPoolExecutor-0_2]: Start processing: featurizerai
[2023-04-29 00:05:05] INFO root fetch - processPackages [ThreadPoolExecutor-0_3]: Start processing: password-manager75
[2023-04-29 00:05:05] INFO root fetch - processPackages [ThreadPoolExecutor-0_4]: Start processing: peaks2utr
[2023-04-29 00:05:05] INFO root fetch - processPackages [ThreadPoolExecutor-0_5]: Start processing: pyrefact
[2023-04-29 00:05:05] INFO root fetch - processPackages [ThreadPoolExecutor-0_6]: Start processing: essentia-tensorflow
[2023-04-29 00:05:05] INFO root fetch - processPackages [ThreadPoolExecutor-0_7]: Start processing: swyft
[2023-04-29 00:05:05] INFO root fetch - processPackages [ThreadPoolExecutor-0_8]: Start processing: q2rad
[2023-04-29 00:05:05] INFO root fetch - processPackages [ThreadPoolExecutor-0_9]: Start processing: django-vacancies
[2023-04-29 00:05:06] INFO root fetch - processPackages [unisci]: New version: [1.3.1] Old Version: [1.3.0]
[2023-04-29 00:05:06] WARNING root fetch - processPackages [api-hunter-cli]: Skipping, unable to determine old version
[2023-04-29 00:05:06] INFO root fetch - processPackages [api-hunter-cli]: Start processing: CalSciPy
[2023-04-29 00:05:06] INFO root fetch - main [MainThread]: End processing [api-hunter-cli] error
[2023-04-29 00:05:06] WARNING root fetch - processPackages [password-manager75]: Skipping, unable to determine old version
[2023-04-29 00:05:06] INFO root fetch - processPackages [password-manager75]: Start processing: sqlglot
[2023-04-29 00:05:06] INFO root fetch - main [MainThread]: End processing [password-manager75] error
[2023-04-29 00:05:06] INFO root fetch - processPackages [peaks2utr]: New version: [1.0.0] Old Version: [0.5.3]
[2023-04-29 00:05:06] INFO root fetch - processPackages [swyft]: New version: [0.4.3] Old Version: [0.4.2rc1]
[2023-04-29 00:05:06] INFO root fetch - processPackages [essentia-tensorflow]: New version: [2.1b6.dev871] Old Version: [2.1b6.dev858]
[2023-04-29 00:05:06] INFO root fetch - processPackages [featurizerai]: New version: [1.5.9] Old Version: [1.5.8]
[2023-04-29 00:05:06] INFO root fetch - processPackages [pyrefact]: New version: [9] Old Version: [8]
[2023-04-29 00:05:06] INFO root fetch - processPackages [q2rad]: New version: [0.1.99] Old Version: [0.1.98]
[2023-04-29 00:05:06] INFO root fetch - processPackages [pyrefact]: executing diffoscope
[2023-04-29 00:05:06] INFO root fetch - processPackages [pyrefact]: podman run --user 0:0 --rm -w /home/abi/fetcher -v /home/abi/fetcher/tmp:/home/abi/fetcher/tmp:ro -v /home/abi/fetcher/20230429:/home/abi/fetcher/20230429:rw registry.salsa.debian.org/reproducible-builds/diffoscope --no-progress tmp/pyrefact-8.tar.gz tmp/pyrefact-9.tar.gz --markdown 20230429/p/pyrefact/8-9/diff.md --exclude *.pyd
[2023-04-29 00:05:06] INFO root fetch - processPackages [CalSciPy]: New version: [0.2.3] Old Version: [0.2.2]
[2023-04-29 00:05:06] INFO root fetch - processPackages [django-vacancies]: New version: [0.1.7] Old Version: [0.1.6]
[2023-04-29 00:05:06] INFO root fetch - processPackages [q2rad]: executing diffoscope
[2023-04-29 00:05:06] INFO root fetch - processPackages [q2rad]: podman run --user 0:0 --rm -w /home/abi/fetcher -v /home/abi/fetcher/tmp:/home/abi/fetcher/tmp:ro -v /home/abi/fetcher/20230429:/home/abi/fetcher/20230429:rw registry.salsa.debian.org/reproducible-builds/diffoscope --no-progress tmp/q2rad-0.1.98.tar.gz tmp/q2rad-0.1.99.tar.gz --markdown 20230429/q/q2rad/0.1.98-0.1.99/diff.md --exclude *.pyd
[2023-04-29 00:05:06] INFO root fetch - processPackages [sqlglot]: New version: [9.0.6] Old Version: [9.0.5]
[2023-04-29 00:05:06] INFO root fetch - processPackages [featurizerai]: Downloading https://files.pythonhosted.org/packages/d1/17/126679de759a8756dcb11ff2540171c8f57083c27ff0ef631751d46fc13b/featurizerai-1.5.9.tar.gz
[2023-04-29 00:05:06] INFO root fetch - processPackages [peaks2utr]: Downloading https://files.pythonhosted.org/packages/60/ec/1efe5f151313344c9bb5ad3255cc2722e2592efe99cf9382c8b3bad830bb/peaks2utr-0.5.3.tar.gz
[2023-04-29 00:05:06] INFO root fetch - processPackages [essentia-tensorflow]: Downloading https://files.pythonhosted.org/packages/ea/bc/5b406f3ecb94bd87f3ea2c8f73c1a99b451b271b7a3c38b56d04cade83f1/essentia_tensorflow-2.1b6.dev858-cp39-cp39-manylinux_2_17_x86_64.manylinux2014_x86_64.whl
[2023-04-29 00:05:06] INFO root fetch - processPackages [unisci]: Downloading https://files.pythonhosted.org/packages/cb/7c/a124076b7c19b491f89de98ed4f3fac07365f1de81d8e73e9f74a3d53e61/unisci-1.3.1.tar.gz
[2023-04-29 00:05:06] INFO root fetch - processPackages [featurizerai]: executing diffoscope
[2023-04-29 00:05:06] INFO root fetch - processPackages [featurizerai]: podman run --user 0:0 --rm -w /home/abi/fetcher -v /home/abi/fetcher/tmp:/home/abi/fetcher/tmp:ro -v /home/abi/fetcher/20230429:/home/abi/fetcher/20230429:rw registry.salsa.debian.org/reproducible-builds/diffoscope --no-progress tmp/featurizerai-1.5.8.tar.gz tmp/featurizerai-1.5.9.tar.gz --markdown 20230429/f/featurizerai/1.5.8-1.5.9/diff.md --exclude *.pyd
[2023-04-29 00:05:06] INFO root fetch - processPackages [CalSciPy]: Downloading https://files.pythonhosted.org/packages/b7/fc/24182984253db4e4dc2cb2036503e232abb034e0c1bf15509355c755ad3d/CalSciPy-0.2.3.tar.gz
[2023-04-29 00:05:06] INFO root fetch - processPackages [django-vacancies]: Downloading https://files.pythonhosted.org/packages/de/48/b01856984797df8b01e3d7167717b6bced51d62358df593ce554e11ad37d/django-vacancies-0.1.6.tar.gz
[2023-04-29 00:05:06] INFO root fetch - processPackages [swyft]: Downloading https://files.pythonhosted.org/packages/86/55/626e92b52169a03f2e0d54b32115c5bf09174d0d88a9c9a822efdd0852c4/swyft-0.4.3.tar.gz
[2023-04-29 00:05:06] WARNING root fetch - processPackages [essentia-tensorflow]: Skipping package: exceeds size limit 291401236>=10485760
[2023-04-29 00:05:06] INFO root fetch - main [MainThread]: End processing [essentia-tensorflow] error
[2023-04-29 00:05:06] INFO root fetch - processPackages [unisci]: executing diffoscope
[2023-04-29 00:05:06] INFO root fetch - processPackages [unisci]: podman run --user 0:0 --rm -w /home/abi/fetcher -v /home/abi/fetcher/tmp:/home/abi/fetcher/tmp:ro -v /home/abi/fetcher/20230429:/home/abi/fetcher/20230429:rw registry.salsa.debian.org/reproducible-builds/diffoscope --no-progress tmp/unisci-1.3.0.tar.gz tmp/unisci-1.3.1.tar.gz --markdown 20230429/u/unisci/1.3.0-1.3.1/diff.md --exclude *.pyd
[2023-04-29 00:05:06] WARNING root fetch - processPackages [swyft]: Skipping package: exceeds size limit 10816371>=10485760
[2023-04-29 00:05:06] INFO root fetch - main [MainThread]: End processing [swyft] error
[2023-04-29 00:05:06] INFO root fetch - processPackages [peaks2utr]: Downloading https://files.pythonhosted.org/packages/fe/46/273de7db7878d5df657e5ce7fa11796cf034f2a79fc7f1b9433d5e0f7ea2/peaks2utr-1.0.0.tar.gz
[2023-04-29 00:05:06] INFO root fetch - processPackages [sqlglot]: executing diffoscope
[2023-04-29 00:05:06] INFO root fetch - processPackages [sqlglot]: podman run --user 0:0 --rm -w /home/abi/fetcher -v /home/abi/fetcher/tmp:/home/abi/fetcher/tmp:ro -v /home/abi/fetcher/20230429:/home/abi/fetcher/20230429:rw registry.salsa.debian.org/reproducible-builds/diffoscope --no-progress tmp/sqlglot-9.0.5.tar.gz tmp/sqlglot-9.0.6.tar.gz --markdown 20230429/s/sqlglot/9.0.5-9.0.6/diff.md --exclude *.pyd
[2023-04-29 00:05:06] WARNING root fetch - processPackages [peaks2utr]: Skipping package: exceeds size limit 10594043>=10485760
[2023-04-29 00:05:06] INFO root fetch - main [MainThread]: End processing [peaks2utr] error
[2023-04-29 00:05:06] INFO root fetch - processPackages [CalSciPy]: executing diffoscope
[2023-04-29 00:05:06] INFO root fetch - processPackages [CalSciPy]: podman run --user 0:0 --rm -w /home/abi/fetcher -v /home/abi/fetcher/tmp:/home/abi/fetcher/tmp:ro -v /home/abi/fetcher/20230429:/home/abi/fetcher/20230429:rw registry.salsa.debian.org/reproducible-builds/diffoscope --no-progress tmp/CalSciPy-0.2.2.tar.gz tmp/CalSciPy-0.2.3.tar.gz --markdown 20230429/C/CalSciPy/0.2.2-0.2.3/diff.md --exclude *.pyd
[2023-04-29 00:05:06] INFO root fetch - processPackages [django-vacancies]: Downloading https://files.pythonhosted.org/packages/95/bf/af4a9757cf923fcad2092db314b7133477e0e79b23959639ea0fd626069f/django-vacancies-0.1.7.tar.gz
[2023-04-29 00:05:06] INFO root fetch - processPackages [django-vacancies]: executing diffoscope
[2023-04-29 00:05:06] INFO root fetch - processPackages [django-vacancies]: podman run --user 0:0 --rm -w /home/abi/fetcher -v /home/abi/fetcher/tmp:/home/abi/fetcher/tmp:ro -v /home/abi/fetcher/20230429:/home/abi/fetcher/20230429:rw registry.salsa.debian.org/reproducible-builds/diffoscope --no-progress tmp/django-vacancies-0.1.6.tar.gz tmp/django-vacancies-0.1.7.tar.gz --markdown 20230429/d/django-vacancies/0.1.6-0.1.7/diff.md --exclude *.pyd
[2023-04-29 00:05:07] INFO root fetch - main [MainThread]: End processing [unisci]: success
[2023-04-29 00:05:07] INFO root fetch - main [MainThread]: End processing [CalSciPy]: success
[2023-04-29 00:05:07] INFO root fetch - main [MainThread]: End processing [q2rad]: success
[2023-04-29 00:05:07] INFO root fetch - main [MainThread]: End processing [featurizerai]: success
[2023-04-29 00:05:07] INFO root fetch - main [MainThread]: End processing [django-vacancies]: success
[2023-04-29 00:05:08] INFO root fetch - main [MainThread]: End processing [pyrefact]: success
[2023-04-29 00:05:08] INFO root fetch - main [MainThread]: End processing [sqlglot]: success
[2023-04-29 00:05:08] INFO root fetch - main [MainThread]: Store serial: [17903480]
[2023-04-29 00:10:12] INFO root fetch - main [MainThread]: Get Changelog since Serial: [17903480]
[2023-04-29 00:10:16] INFO root fetch - main [MainThread]: Found 6 changed packages
[2023-04-29 00:10:16] INFO root fetch - processPackages [ThreadPoolExecutor-0_0]: Start processing: aind-data-schema
[2023-04-29 00:10:16] INFO root fetch - processPackages [ThreadPoolExecutor-0_1]: Start processing: coiled
[2023-04-29 00:10:16] INFO root fetch - processPackages [ThreadPoolExecutor-0_2]: Start processing: pepperize.cdk-serverless-cluster-from-snapshot
[2023-04-29 00:10:16] INFO root fetch - processPackages [ThreadPoolExecutor-0_3]: Start processing: bsmedit
[2023-04-29 00:10:16] INFO root fetch - processPackages [ThreadPoolExecutor-0_4]: Start processing: spimdisasm
[2023-04-29 00:10:16] INFO root fetch - processPackages [ThreadPoolExecutor-0_5]: Start processing: api-hunter-cli
[2023-04-29 00:10:16] INFO root fetch - processPackages [aind-data-schema]: New version: [0.9.6] Old Version: [0.9.5]
[2023-04-29 00:10:16] WARNING root fetch - processPackages [api-hunter-cli]: Skipping, unable to determine old version
[2023-04-29 00:10:16] INFO root fetch - main [MainThread]: End processing [api-hunter-cli] error
[2023-04-29 00:10:16] INFO root fetch - processPackages [bsmedit]: New version: [3.2.9] Old Version: [3.2.8]
[2023-04-29 00:10:16] INFO root fetch - processPackages [spimdisasm]: New version: [1.9.2] Old Version: [1.9.1]
[2023-04-29 00:10:16] INFO root fetch - processPackages [coiled]: New version: [0.5.9.post0.dev8] Old Version: [0.5.9.post0.dev7]
[2023-04-29 00:10:16] INFO root fetch - processPackages [pepperize.cdk-serverless-cluster-from-snapshot]: New version: [0.0.99] Old Version: [0.0.98]
[2023-04-29 00:10:16] INFO root fetch - processPackages [aind-data-schema]: executing diffoscope
[2023-04-29 00:10:16] INFO root fetch - processPackages [aind-data-schema]: podman run --user 0:0 --rm -w /home/abi/fetcher -v /home/abi/fetcher/tmp:/home/abi/fetcher/tmp:ro -v /home/abi/fetcher/20230429:/home/abi/fetcher/20230429:rw registry.salsa.debian.org/reproducible-builds/diffoscope --no-progress tmp/aind-data-schema-0.9.5.tar.gz tmp/aind-data-schema-0.9.6.tar.gz --markdown 20230429/a/aind-data-schema/0.9.5-0.9.6/diff.md --exclude *.pyd
[2023-04-29 00:10:17] INFO root fetch - processPackages [coiled]: executing diffoscope
[2023-04-29 00:10:17] INFO root fetch - processPackages [coiled]: podman run --user 0:0 --rm -w /home/abi/fetcher -v /home/abi/fetcher/tmp:/home/abi/fetcher/tmp:ro -v /home/abi/fetcher/20230429:/home/abi/fetcher/20230429:rw registry.salsa.debian.org/reproducible-builds/diffoscope --no-progress tmp/coiled-0.5.9.post0.dev7.tar.gz tmp/coiled-0.5.9.post0.dev8.tar.gz --markdown 20230429/c/coiled/0.5.9.post0.dev7-0.5.9.post0.dev8/diff.md --exclude *.pyd
[2023-04-29 00:10:17] INFO root fetch - processPackages [bsmedit]: Downloading https://files.pythonhosted.org/packages/92/3c/c311e7a3690180e7c6f2afb42d0a8e61eaabb30cfa5e6406ef8b7ce8fb80/bsmedit-3.2.8.tar.gz
[2023-04-29 00:10:17] INFO root fetch - processPackages [spimdisasm]: Downloading https://files.pythonhosted.org/packages/65/8a/e3c45d6cdbcedb650d78e916ad3a53d6a72fa3e8eb4c6ffe1da395457581/spimdisasm-1.9.1.tar.gz
[2023-04-29 00:10:17] INFO root fetch - processPackages [pepperize.cdk-serverless-cluster-from-snapshot]: executing diffoscope
[2023-04-29 00:10:17] INFO root fetch - processPackages [pepperize.cdk-serverless-cluster-from-snapshot]: podman run --user 0:0 --rm -w /home/abi/fetcher -v /home/abi/fetcher/tmp:/home/abi/fetcher/tmp:ro -v /home/abi/fetcher/20230429:/home/abi/fetcher/20230429:rw registry.salsa.debian.org/reproducible-builds/diffoscope --no-progress tmp/pepperize.cdk-serverless-cluster-from-snapshot-0.0.98.tar.gz tmp/pepperize.cdk-serverless-cluster-from-snapshot-0.0.99.tar.gz --markdown 20230429/p/pepperize.cdk-serverless-cluster-from-snapshot/0.0.98-0.0.99/diff.md --exclude *.pyd
[2023-04-29 00:10:17] INFO root fetch - processPackages [bsmedit]: Downloading https://files.pythonhosted.org/packages/b1/aa/4f2d6d2f8c156db26b950329c77de6bbd84a7610d36c0d57738032ed7f29/bsmedit-3.2.9.tar.gz
[2023-04-29 00:10:17] INFO root fetch - processPackages [spimdisasm]: Downloading https://files.pythonhosted.org/packages/4f/b6/3e3fe88ecbbc893a7b39d4c1bb62693fbaa6ad1360bbb0af77a0acafca9c/spimdisasm-1.9.2.tar.gz
[2023-04-29 00:10:17] INFO root fetch - processPackages [bsmedit]: executing diffoscope
[2023-04-29 00:10:17] INFO root fetch - processPackages [bsmedit]: podman run --user 0:0 --rm -w /home/abi/fetcher -v /home/abi/fetcher/tmp:/home/abi/fetcher/tmp:ro -v /home/abi/fetcher/20230429:/home/abi/fetcher/20230429:rw registry.salsa.debian.org/reproducible-builds/diffoscope --no-progress tmp/bsmedit-3.2.8.tar.gz tmp/bsmedit-3.2.9.tar.gz --markdown 20230429/b/bsmedit/3.2.8-3.2.9/diff.md --exclude *.pyd
[2023-04-29 00:10:17] INFO root fetch - processPackages [spimdisasm]: executing diffoscope
[2023-04-29 00:10:17] INFO root fetch - processPackages [spimdisasm]: podman run --user 0:0 --rm -w /home/abi/fetcher -v /home/abi/fetcher/tmp:/home/abi/fetcher/tmp:ro -v /home/abi/fetcher/20230429:/home/abi/fetcher/20230429:rw registry.salsa.debian.org/reproducible-builds/diffoscope --no-progress tmp/spimdisasm-1.9.1.tar.gz tmp/spimdisasm-1.9.2.tar.gz --markdown 20230429/s/spimdisasm/1.9.1-1.9.2/diff.md --exclude *.pyd
[2023-04-29 00:10:18] INFO root fetch - main [MainThread]: End processing [pepperize.cdk-serverless-cluster-from-snapshot]: success
[2023-04-29 00:10:18] INFO root fetch - main [MainThread]: End processing [spimdisasm]: success
[2023-04-29 00:10:19] INFO root fetch - main [MainThread]: End processing [bsmedit]: success
[2023-04-29 00:10:19] INFO root fetch - main [MainThread]: End processing [aind-data-schema]: success
[2023-04-29 00:10:20] INFO root fetch - main [MainThread]: End processing [coiled]: success
[2023-04-29 00:10:20] INFO root fetch - main [MainThread]: Store serial: [17903502]
[2023-04-29 00:15:24] INFO root fetch - main [MainThread]: Get Changelog since Serial: [17903502]
[2023-04-29 00:15:29] INFO root fetch - main [MainThread]: Found 8 changed packages
[2023-04-29 00:15:29] INFO root fetch - processPackages [ThreadPoolExecutor-0_0]: Start processing: autora-synthetic-data
[2023-04-29 00:15:29] INFO root fetch - processPackages [ThreadPoolExecutor-0_1]: Start processing: alignem
[2023-04-29 00:15:29] INFO root fetch - processPackages [ThreadPoolExecutor-0_2]: Start processing: password-manager775
[2023-04-29 00:15:29] INFO root fetch - processPackages [ThreadPoolExecutor-0_3]: Start processing: paasta-tools
[2023-04-29 00:15:29] INFO root fetch - processPackages [ThreadPoolExecutor-0_4]: Start processing: pydantic-view
[2023-04-29 00:15:29] INFO root fetch - processPackages [ThreadPoolExecutor-0_5]: Start processing: spiralflow
[2023-04-29 00:15:29] INFO root fetch - processPackages [ThreadPoolExecutor-0_6]: Start processing: templated
[2023-04-29 00:15:29] INFO root fetch - processPackages [ThreadPoolExecutor-0_7]: Start processing: autora
[2023-04-29 00:15:29] WARNING root fetch - processPackages [password-manager775]: Skipping, unable to determine old version
[2023-04-29 00:15:29] INFO root fetch - main [MainThread]: End processing [password-manager775] error
[2023-04-29 00:15:29] INFO root fetch - processPackages [paasta-tools]: New version: [0.92.1] Old Version: [0.92.0]
[2023-04-29 00:15:29] WARNING root fetch - processPackages [templated]: Skipping, unable to determine old version
[2023-04-29 00:15:29] INFO root fetch - main [MainThread]: End processing [templated] error
[2023-04-29 00:15:29] INFO root fetch - processPackages [pydantic-view]: New version: [0.1.3] Old Version: [0.1.2]
[2023-04-29 00:15:29] INFO root fetch - processPackages [alignem]: New version: [0.5.432] Old Version: [0.5.42]
[2023-04-29 00:15:29] INFO root fetch - processPackages [autora-synthetic-data]: New version: [1.0.0a1] Old Version: [1.0.0a0]
[2023-04-29 00:15:29] INFO root fetch - processPackages [spiralflow]: New version: [0.0.5] Old Version: [0.0.4]
[2023-04-29 00:15:29] INFO root fetch - processPackages [autora]: New version: [3.0.0a2] Old Version: [3.0.0a0]
[2023-04-29 00:15:29] INFO root fetch - processPackages [paasta-tools]: executing diffoscope
[2023-04-29 00:15:29] INFO root fetch - processPackages [paasta-tools]: podman run --user 0:0 --rm -w /home/abi/fetcher -v /home/abi/fetcher/tmp:/home/abi/fetcher/tmp:ro -v /home/abi/fetcher/20230429:/home/abi/fetcher/20230429:rw registry.salsa.debian.org/reproducible-builds/diffoscope --no-progress tmp/paasta-tools-0.92.0.tar.gz tmp/paasta-tools-0.92.1.tar.gz --markdown 20230429/p/paasta-tools/0.92.0-0.92.1/diff.md --exclude *.pyd
[2023-04-29 00:15:29] INFO root fetch - processPackages [alignem]: Downloading https://files.pythonhosted.org/packages/93/be/faf7c1ced570a4540d64a3b8b03d313893d11101dd93f0e4bd1aec2badc3/alignem-0.5.42.tar.gz
[2023-04-29 00:15:29] INFO root fetch - processPackages [autora]: executing diffoscope
[2023-04-29 00:15:29] INFO root fetch - processPackages [autora]: podman run --user 0:0 --rm -w /home/abi/fetcher -v /home/abi/fetcher/tmp:/home/abi/fetcher/tmp:ro -v /home/abi/fetcher/20230429:/home/abi/fetcher/20230429:rw registry.salsa.debian.org/reproducible-builds/diffoscope --no-progress tmp/autora-3.0.0a0.tar.gz tmp/autora-3.0.0a2.tar.gz --markdown 20230429/a/autora/3.0.0a0-3.0.0a2/diff.md --exclude *.pyd
[2023-04-29 00:15:29] INFO root fetch - processPackages [autora-synthetic-data]: Downloading https://files.pythonhosted.org/packages/38/2d/f89b36a6e11484b972a70bfe5b46d76668630989fa282fb58348e6571884/autora-synthetic-data-1.0.0a0.tar.gz
[2023-04-29 00:15:29] INFO root fetch - processPackages [spiralflow]: Downloading https://files.pythonhosted.org/packages/4d/2c/9dca599186eb8f94b1f288ee15c2e6bd9400b4fa952e07e27836295fc47d/spiralflow-0.0.5.tar.gz
[2023-04-29 00:15:29] INFO root fetch - processPackages [spiralflow]: executing diffoscope
[2023-04-29 00:15:29] INFO root fetch - processPackages [spiralflow]: podman run --user 0:0 --rm -w /home/abi/fetcher -v /home/abi/fetcher/tmp:/home/abi/fetcher/tmp:ro -v /home/abi/fetcher/20230429:/home/abi/fetcher/20230429:rw registry.salsa.debian.org/reproducible-builds/diffoscope --no-progress tmp/spiralflow-0.0.4.tar.gz tmp/spiralflow-0.0.5.tar.gz --markdown 20230429/s/spiralflow/0.0.4-0.0.5/diff.md --exclude *.pyd
[2023-04-29 00:15:29] INFO root fetch - processPackages [pydantic-view]: Downloading https://files.pythonhosted.org/packages/e1/38/eaa0ae97c681437e4d107d72713dbc9fa5aa25bfb36ba1e64872e8403f9f/pydantic_view-0.1.3.tar.gz
[2023-04-29 00:15:29] WARNING root fetch - processPackages [alignem]: Skipping package: exceeds size limit 42502153>=10485760
[2023-04-29 00:15:29] INFO root fetch - main [MainThread]: End processing [alignem] error
[2023-04-29 00:15:29] INFO root fetch - processPackages [pydantic-view]: executing diffoscope
[2023-04-29 00:15:29] INFO root fetch - processPackages [pydantic-view]: podman run --user 0:0 --rm -w /home/abi/fetcher -v /home/abi/fetcher/tmp:/home/abi/fetcher/tmp:ro -v /home/abi/fetcher/20230429:/home/abi/fetcher/20230429:rw registry.salsa.debian.org/reproducible-builds/diffoscope --no-progress tmp/pydantic_view-0.1.2.tar.gz tmp/pydantic_view-0.1.3.tar.gz --markdown 20230429/p/pydantic-view/0.1.2-0.1.3/diff.md --exclude *.pyd
[2023-04-29 00:15:29] INFO root fetch - processPackages [autora-synthetic-data]: Downloading https://files.pythonhosted.org/packages/4e/e7/d2e4b2d58f9f21db8a266a095f4938fe8c927781f0602c24d46bd4040157/autora-synthetic-data-1.0.0a1.tar.gz
[2023-04-29 00:15:29] INFO root fetch - processPackages [autora-synthetic-data]: executing diffoscope
[2023-04-29 00:15:29] INFO root fetch - processPackages [autora-synthetic-data]: podman run --user 0:0 --rm -w /home/abi/fetcher -v /home/abi/fetcher/tmp:/home/abi/fetcher/tmp:ro -v /home/abi/fetcher/20230429:/home/abi/fetcher/20230429:rw registry.salsa.debian.org/reproducible-builds/diffoscope --no-progress tmp/autora-synthetic-data-1.0.0a0.tar.gz tmp/autora-synthetic-data-1.0.0a1.tar.gz --markdown 20230429/a/autora-synthetic-data/1.0.0a0-1.0.0a1/diff.md --exclude *.pyd
[2023-04-29 00:15:30] INFO root fetch - main [MainThread]: End processing [spiralflow]: success
[2023-04-29 00:15:30] INFO root fetch - main [MainThread]: End processing [pydantic-view]: success
[2023-04-29 00:15:31] INFO root fetch - main [MainThread]: End processing [paasta-tools]: success
[2023-04-29 00:15:31] INFO root fetch - main [MainThread]: End processing [autora]: success
[2023-04-29 00:15:53] INFO root fetch - main [MainThread]: End processing [autora-synthetic-data]: success
[2023-04-29 00:15:53] INFO root fetch - main [MainThread]: Store serial: [17903529]
